This file contains any messages produced by compilers while
running configure, to aid debugging if configure makes a mistake.

It was created by Leafpad configure 0.8.17, which was
generated by GNU Autoconf 2.61.  Invocation command line was

  $ ./configure 

## --------- ##
## Platform. ##
## --------- ##

hostname = lunar
uname -m = i686
uname -r = 2.6.32-5-686
uname -s = Linux
uname -v = #1 SMP Fri Dec 10 16:12:40 UTC 2010

/usr/bin/uname -p = unknown
/bin/uname -X     = unknown

/bin/arch              = unknown
/usr/bin/arch -k       = unknown
/usr/convex/getsysinfo = unknown
/usr/bin/hostinfo      = unknown
/bin/machine           = unknown
/usr/bin/oslevel       = unknown
/bin/universe          = unknown

PATH: /home/mako/scripts
PATH: /home/mako/bin
PATH: /usr/sbin
PATH: /sbin
PATH: /usr/local/bin
PATH: /usr/bin
PATH: /bin
PATH: /usr/bin/X11
PATH: /usr/games


## ----------- ##
## Core tests. ##
## ----------- ##

configure:1834: checking for a BSD-compatible install
configure:1890: result: /usr/bin/install -c
configure:1901: checking whether build environment is sane
configure:1944: result: yes
configure:1972: checking for a thread-safe mkdir -p
configure:2011: result: /bin/mkdir -p
configure:2024: checking for gawk
configure:2054: result: no
configure:2024: checking for mawk
configure:2040: found /usr/bin/mawk
configure:2051: result: mawk
configure:2062: checking whether make sets $(MAKE)
configure:2083: result: yes
configure:2286: checking for style of include used by make
configure:2314: result: GNU
configure:2384: checking for gcc
configure:2400: found /usr/bin/gcc
configure:2411: result: gcc
configure:2649: checking for C compiler version
configure:2656: gcc --version >&5
gcc (Debian 4.4.5-8) 4.4.5
Copyright (C) 2010 Free Software Foundation, Inc.
This is free software; see the source for copying conditions.  There is NO
warranty; not even for MERCHANTABILITY or FITNESS FOR A PARTICULAR PURPOSE.

configure:2659: $? = 0
configure:2666: gcc -v >&5
Using built-in specs.
Target: i486-linux-gnu
Configured with: ../src/configure -v --with-pkgversion='Debian 4.4.5-8' --with-bugurl=file:///usr/share/doc/gcc-4.4/README.Bugs --enable-languages=c,c++,fortran,objc,obj-c++ --prefix=/usr --program-suffix=-4.4 --enable-shared --enable-multiarch --enable-linker-build-id --with-system-zlib --libexecdir=/usr/lib --without-included-gettext --enable-threads=posix --with-gxx-include-dir=/usr/include/c++/4.4 --libdir=/usr/lib --enable-nls --enable-clocale=gnu --enable-libstdcxx-debug --enable-objc-gc --enable-targets=all --with-arch-32=i586 --with-tune=generic --enable-checking=release --build=i486-linux-gnu --host=i486-linux-gnu --target=i486-linux-gnu
Thread model: posix
gcc version 4.4.5 (Debian 4.4.5-8) 
configure:2669: $? = 0
configure:2676: gcc -V >&5
gcc: '-V' option must have argument
configure:2679: $? = 1
configure:2702: checking for C compiler default output file name
configure:2729: gcc    conftest.c  >&5
configure:2732: $? = 0
configure:2770: result: a.out
configure:2787: checking whether the C compiler works
configure:2797: ./a.out
configure:2800: $? = 0
configure:2817: result: yes
configure:2824: checking whether we are cross compiling
configure:2826: result: no
configure:2829: checking for suffix of executables
configure:2836: gcc -o conftest    conftest.c  >&5
configure:2839: $? = 0
configure:2863: result: 
configure:2869: checking for suffix of object files
configure:2895: gcc -c   conftest.c >&5
configure:2898: $? = 0
configure:2921: result: o
configure:2925: checking whether we are using the GNU C compiler
configure:2954: gcc -c   conftest.c >&5
configure:2960: $? = 0
configure:2977: result: yes
configure:2982: checking whether gcc accepts -g
configure:3012: gcc -c -g  conftest.c >&5
configure:3018: $? = 0
configure:3117: result: yes
configure:3134: checking for gcc option to accept ISO C89
configure:3208: gcc  -c -g -O2  conftest.c >&5
configure:3214: $? = 0
configure:3237: result: none needed
configure:3257: checking dependency style of gcc
configure:3348: result: gcc3
configure:3434: checking for xgettext
configure:3452: found /usr/bin/xgettext
configure:3464: result: /usr/bin/xgettext
configure:3474: checking for msgmerge
configure:3492: found /usr/bin/msgmerge
configure:3504: result: /usr/bin/msgmerge
configure:3514: checking for msgfmt
configure:3532: found /usr/bin/msgfmt
configure:3544: result: /usr/bin/msgfmt
configure:3576: checking for perl
configure:3594: found /usr/bin/perl
configure:3606: result: /usr/bin/perl
configure:3665: gcc -o conftest -g -O2   conftest.c  >&5
configure:3671: $? = 0
configure:3838: checking for gcc
configure:3865: result: gcc
configure:4103: checking for C compiler version
configure:4110: gcc --version >&5
gcc (Debian 4.4.5-8) 4.4.5
Copyright (C) 2010 Free Software Foundation, Inc.
This is free software; see the source for copying conditions.  There is NO
warranty; not even for MERCHANTABILITY or FITNESS FOR A PARTICULAR PURPOSE.

configure:4113: $? = 0
configure:4120: gcc -v >&5
Using built-in specs.
Target: i486-linux-gnu
Configured with: ../src/configure -v --with-pkgversion='Debian 4.4.5-8' --with-bugurl=file:///usr/share/doc/gcc-4.4/README.Bugs --enable-languages=c,c++,fortran,objc,obj-c++ --prefix=/usr --program-suffix=-4.4 --enable-shared --enable-multiarch --enable-linker-build-id --with-system-zlib --libexecdir=/usr/lib --without-included-gettext --enable-threads=posix --with-gxx-include-dir=/usr/include/c++/4.4 --libdir=/usr/lib --enable-nls --enable-clocale=gnu --enable-libstdcxx-debug --enable-objc-gc --enable-targets=all --with-arch-32=i586 --with-tune=generic --enable-checking=release --build=i486-linux-gnu --host=i486-linux-gnu --target=i486-linux-gnu
Thread model: posix
gcc version 4.4.5 (Debian 4.4.5-8) 
configure:4123: $? = 0
configure:4130: gcc -V >&5
gcc: '-V' option must have argument
configure:4133: $? = 1
configure:4136: checking whether we are using the GNU C compiler
configure:4188: result: yes
configure:4193: checking whether gcc accepts -g
configure:4328: result: yes
configure:4345: checking for gcc option to accept ISO C89
configure:4448: result: none needed
configure:4468: checking dependency style of gcc
configure:4559: result: gcc3
configure:4578: checking whether gcc and cc understand -c and -o together
configure:4613: gcc -c conftest.c -o conftest2.o >&5
configure:4616: $? = 0
configure:4622: gcc -c conftest.c -o conftest2.o >&5
configure:4625: $? = 0
configure:4636: cc -c conftest.c >&5
configure:4639: $? = 0
configure:4647: cc -c conftest.c -o conftest2.o >&5
configure:4650: $? = 0
configure:4656: cc -c conftest.c -o conftest2.o >&5
configure:4659: $? = 0
configure:4677: result: yes
configure:4753: checking for pkg-config
configure:4771: found /usr/bin/pkg-config
configure:4783: result: /usr/bin/pkg-config
configure:4812: checking pkg-config is at least version 0.9.0
configure:4815: result: yes
configure:4826: checking for GTK
configure:4834: $PKG_CONFIG --exists --print-errors "gtk+-2.0"
configure:4837: $? = 0
configure:4852: $PKG_CONFIG --exists --print-errors "gtk+-2.0"
configure:4855: $? = 0
configure:4931: result: yes
configure:4943: $PKG_CONFIG --exists --print-errors "gtk+-2.0 >= 2.4.0"
configure:4946: $? = 0
configure:4963: $PKG_CONFIG --exists --print-errors "gtk+-2.0 >= 2.10.0"
configure:4966: $? = 0
configure:5070: checking how to run the C preprocessor
configure:5110: gcc -E  conftest.c
configure:5116: $? = 0
configure:5147: gcc -E  conftest.c
conftest.c:12:28: error: ac_nonexistent.h: No such file or directory
configure:5153: $? = 1
configure: failed program was:
| /* confdefs.h.  */
| #define PACKAGE_NAME "Leafpad"
| #define PACKAGE_TARNAME "leafpad"
| #define PACKAGE_VERSION "0.8.17"
| #define PACKAGE_STRING "Leafpad 0.8.17"
| #define PACKAGE_BUGREPORT "tarot@sdf.lonestar.org"
| #define PACKAGE "leafpad"
| #define VERSION "0.8.17"
| #define ENABLE_CHOOSER 1
| #define ENABLE_PRINT 1
| /* end confdefs.h.  */
| #include <ac_nonexistent.h>
configure:5186: result: gcc -E
configure:5215: gcc -E  conftest.c
configure:5221: $? = 0
configure:5252: gcc -E  conftest.c
conftest.c:12:28: error: ac_nonexistent.h: No such file or directory
configure:5258: $? = 1
configure: failed program was:
| /* confdefs.h.  */
| #define PACKAGE_NAME "Leafpad"
| #define PACKAGE_TARNAME "leafpad"
| #define PACKAGE_VERSION "0.8.17"
| #define PACKAGE_STRING "Leafpad 0.8.17"
| #define PACKAGE_BUGREPORT "tarot@sdf.lonestar.org"
| #define PACKAGE "leafpad"
| #define VERSION "0.8.17"
| #define ENABLE_CHOOSER 1
| #define ENABLE_PRINT 1
| /* end confdefs.h.  */
| #include <ac_nonexistent.h>
configure:5296: checking for grep that handles long lines and -e
configure:5370: result: /bin/grep
configure:5375: checking for egrep
configure:5453: result: /bin/grep -E
configure:5458: checking for ANSI C header files
configure:5488: gcc -c -g -O2 -Wall  conftest.c >&5
configure:5494: $? = 0
configure:5593: gcc -o conftest -g -O2 -Wall   conftest.c  >&5
configure:5596: $? = 0
configure:5602: ./conftest
configure:5605: $? = 0
configure:5622: result: yes
configure:5646: checking for sys/types.h
configure:5667: gcc -c -g -O2 -Wall  conftest.c >&5
configure:5673: $? = 0
configure:5689: result: yes
configure:5646: checking for sys/stat.h
configure:5667: gcc -c -g -O2 -Wall  conftest.c >&5
configure:5673: $? = 0
configure:5689: result: yes
configure:5646: checking for stdlib.h
configure:5667: gcc -c -g -O2 -Wall  conftest.c >&5
configure:5673: $? = 0
configure:5689: result: yes
configure:5646: checking for string.h
configure:5667: gcc -c -g -O2 -Wall  conftest.c >&5
configure:5673: $? = 0
configure:5689: result: yes
configure:5646: checking for memory.h
configure:5667: gcc -c -g -O2 -Wall  conftest.c >&5
configure:5673: $? = 0
configure:5689: result: yes
configure:5646: checking for strings.h
configure:5667: gcc -c -g -O2 -Wall  conftest.c >&5
configure:5673: $? = 0
configure:5689: result: yes
configure:5646: checking for inttypes.h
configure:5667: gcc -c -g -O2 -Wall  conftest.c >&5
configure:5673: $? = 0
configure:5689: result: yes
configure:5646: checking for stdint.h
configure:5667: gcc -c -g -O2 -Wall  conftest.c >&5
configure:5673: $? = 0
configure:5689: result: yes
configure:5646: checking for unistd.h
configure:5667: gcc -c -g -O2 -Wall  conftest.c >&5
configure:5673: $? = 0
configure:5689: result: yes
configure:5717: checking locale.h usability
configure:5734: gcc -c -g -O2 -Wall  conftest.c >&5
configure:5740: $? = 0
configure:5754: result: yes
configure:5758: checking locale.h presence
configure:5773: gcc -E  conftest.c
configure:5779: $? = 0
configure:5793: result: yes
configure:5826: checking for locale.h
configure:5834: result: yes
configure:5848: checking for LC_MESSAGES
configure:5874: gcc -o conftest -g -O2 -Wall   conftest.c  >&5
configure:5880: $? = 0
configure:5897: result: yes
configure:5926: checking libintl.h usability
configure:5943: gcc -c -g -O2 -Wall  conftest.c >&5
configure:5949: $? = 0
configure:5963: result: yes
configure:5967: checking libintl.h presence
configure:5982: gcc -E  conftest.c
configure:5988: $? = 0
configure:6002: result: yes
configure:6035: checking for libintl.h
configure:6042: result: yes
configure:6053: checking for ngettext in libc
configure:6081: gcc -o conftest -g -O2 -Wall   conftest.c  >&5
configure:6087: $? = 0
configure:6105: result: yes
configure:6109: checking for dgettext in libc
configure:6137: gcc -o conftest -g -O2 -Wall   conftest.c  >&5
configure:6143: $? = 0
configure:6161: result: yes
configure:6170: checking for bind_textdomain_codeset
configure:6226: gcc -o conftest -g -O2 -Wall   conftest.c  >&5
configure:6232: $? = 0
configure:6250: result: yes
configure:6737: checking for msgfmt
configure:6764: result: /usr/bin/msgfmt
configure:6777: checking for dcgettext
configure:6833: gcc -o conftest -g -O2 -Wall   conftest.c   >&5
conftest.c:49: warning: conflicting types for built-in function 'dcgettext'
configure:6839: $? = 0
configure:6857: result: yes
configure:6868: checking if msgfmt accepts -c
configure:6883: $MSGFMT -c -o /dev/null conftest.foo
configure:6886: $? = 0
configure:6888: result: yes
configure:6898: checking for gmsgfmt
configure:6929: result: /usr/bin/msgfmt
configure:6939: checking for xgettext
configure:6966: result: /usr/bin/xgettext
configure:6995: gcc -o conftest -g -O2 -Wall   conftest.c   >&5
configure:7001: $? = 0
configure:7375: creating ./config.status

## ---------------------- ##
## Running config.status. ##
## ---------------------- ##

This file was extended by Leafpad config.status 0.8.17, which was
generated by GNU Autoconf 2.61.  Invocation command line was

  CONFIG_FILES    = 
  CONFIG_HEADERS  = 
  CONFIG_LINKS    = 
  CONFIG_COMMANDS = 
  $ ./config.status 

on lunar

config.status:701: creating Makefile
config.status:701: creating src/Makefile
config.status:701: creating data/Makefile
config.status:701: creating data/icons/Makefile
config.status:701: creating data/icons/16x16/Makefile
config.status:701: creating data/icons/22x22/Makefile
config.status:701: creating data/icons/24x24/Makefile
config.status:701: creating data/icons/32x32/Makefile
config.status:701: creating data/icons/scalable/Makefile
config.status:701: creating po/Makefile.in
config.status:701: creating config.h
config.status:983: executing depfiles commands
config.status:983: executing intltool commands
config.status:983: executing default-1 commands
config.status:983: executing po/stamp-it commands

## ---------------- ##
## Cache variables. ##
## ---------------- ##

ac_cv_c_compiler_gnu=yes
ac_cv_env_CC_set=
ac_cv_env_CC_value=
ac_cv_env_CFLAGS_set=
ac_cv_env_CFLAGS_value=
ac_cv_env_CPPFLAGS_set=
ac_cv_env_CPPFLAGS_value=
ac_cv_env_CPP_set=
ac_cv_env_CPP_value=
ac_cv_env_GNOMEPRINT_CFLAGS_set=
ac_cv_env_GNOMEPRINT_CFLAGS_value=
ac_cv_env_GNOMEPRINT_LIBS_set=
ac_cv_env_GNOMEPRINT_LIBS_value=
ac_cv_env_GTK_CFLAGS_set=
ac_cv_env_GTK_CFLAGS_value=
ac_cv_env_GTK_LIBS_set=
ac_cv_env_GTK_LIBS_value=
ac_cv_env_LDFLAGS_set=
ac_cv_env_LDFLAGS_value=
ac_cv_env_LIBS_set=
ac_cv_env_LIBS_value=
ac_cv_env_PKG_CONFIG_set=
ac_cv_env_PKG_CONFIG_value=
ac_cv_env_build_alias_set=
ac_cv_env_build_alias_value=
ac_cv_env_host_alias_set=
ac_cv_env_host_alias_value=
ac_cv_env_target_alias_set=
ac_cv_env_target_alias_value=
ac_cv_func_bind_textdomain_codeset=yes
ac_cv_func_dcgettext=yes
ac_cv_header_inttypes_h=yes
ac_cv_header_libintl_h=yes
ac_cv_header_locale_h=yes
ac_cv_header_memory_h=yes
ac_cv_header_stdc=yes
ac_cv_header_stdint_h=yes
ac_cv_header_stdlib_h=yes
ac_cv_header_string_h=yes
ac_cv_header_strings_h=yes
ac_cv_header_sys_stat_h=yes
ac_cv_header_sys_types_h=yes
ac_cv_header_unistd_h=yes
ac_cv_objext=o
ac_cv_path_EGREP='/bin/grep -E'
ac_cv_path_GMSGFMT=/usr/bin/msgfmt
ac_cv_path_GREP=/bin/grep
ac_cv_path_INTLTOOL_PERL=/usr/bin/perl
ac_cv_path_MSGFMT=/usr/bin/msgfmt
ac_cv_path_MSGMERGE=/usr/bin/msgmerge
ac_cv_path_XGETTEXT=/usr/bin/xgettext
ac_cv_path_ac_pt_PKG_CONFIG=/usr/bin/pkg-config
ac_cv_path_install='/usr/bin/install -c'
ac_cv_path_mkdir=/bin/mkdir
ac_cv_prog_AWK=mawk
ac_cv_prog_CPP='gcc -E'
ac_cv_prog_ac_ct_CC=gcc
ac_cv_prog_cc_c89=
ac_cv_prog_cc_g=yes
ac_cv_prog_cc_gcc_c_o=yes
ac_cv_prog_make_make_set=yes
am_cv_CC_dependencies_compiler_type=gcc3
am_cv_val_LC_MESSAGES=yes
gt_cv_func_dgettext_libc=yes
gt_cv_func_dgettext_libintl=no
gt_cv_func_ngettext_libc=yes
gt_cv_have_gettext=yes
pkg_cv_GTK_CFLAGS='-pthread -I/usr/include/gtk-2.0 -I/usr/lib/gtk-2.0/include -I/usr/include/atk-1.0 -I/usr/include/cairo -I/usr/include/pango-1.0 -I/usr/include/gio-unix-2.0/ -I/usr/include/pixman-1 -I/usr/include/freetype2 -I/usr/include/libpng12 -I/usr/include/glib-2.0 -I/usr/lib/glib-2.0/include  '
pkg_cv_GTK_LIBS='-pthread -lgtk-x11-2.0 -lgdk-x11-2.0 -latk-1.0 -lpangoft2-1.0 -lgdk_pixbuf-2.0 -lm -lpangocairo-1.0 -lcairo -lgio-2.0 -lpango-1.0 -lfreetype -lfontconfig -lgobject-2.0 -lgmodule-2.0 -lgthread-2.0 -lrt -lglib-2.0  '

## ----------------- ##
## Output variables. ##
## ----------------- ##

ACLOCAL='${SHELL} /home/mako/programming/sources/leafpad/missing --run aclocal-1.10'
ALL_LINGUAS=''
AMDEPBACKSLASH='\'
AMDEP_FALSE='#'
AMDEP_TRUE=''
AMTAR='${SHELL} /home/mako/programming/sources/leafpad/missing --run tar'
AUTOCONF='${SHELL} /home/mako/programming/sources/leafpad/missing --run autoconf'
AUTOHEADER='${SHELL} /home/mako/programming/sources/leafpad/missing --run autoheader'
AUTOMAKE='${SHELL} /home/mako/programming/sources/leafpad/missing --run automake-1.10'
AWK='mawk'
CATALOGS=''
CATOBJEXT='.gmo'
CC='gcc'
CCDEPMODE='depmode=gcc3'
CFLAGS='-g -O2 -Wall'
CPP='gcc -E'
CPPFLAGS=''
CYGPATH_W='echo'
DATADIRNAME='share'
DEFS='-DHAVE_CONFIG_H'
DEPDIR='.deps'
ECHO_C=''
ECHO_N='-n'
ECHO_T=''
EGREP='/bin/grep -E'
EXEEXT=''
GETTEXT_PACKAGE='leafpad'
GMOFILES=''
GMSGFMT='/usr/bin/msgfmt'
GNOMEPRINT_CFLAGS=''
GNOMEPRINT_LIBS=''
GREP='/bin/grep'
GTK_CFLAGS='-pthread -I/usr/include/gtk-2.0 -I/usr/lib/gtk-2.0/include -I/usr/include/atk-1.0 -I/usr/include/cairo -I/usr/include/pango-1.0 -I/usr/include/gio-unix-2.0/ -I/usr/include/pixman-1 -I/usr/include/freetype2 -I/usr/include/libpng12 -I/usr/include/glib-2.0 -I/usr/lib/glib-2.0/include  '
GTK_LIBS='-pthread -lgtk-x11-2.0 -lgdk-x11-2.0 -latk-1.0 -lpangoft2-1.0 -lgdk_pixbuf-2.0 -lm -lpangocairo-1.0 -lcairo -lgio-2.0 -lpango-1.0 -lfreetype -lfontconfig -lgobject-2.0 -lgmodule-2.0 -lgthread-2.0 -lrt -lglib-2.0  '
INSTALL_DATA='${INSTALL} -m 644'
INSTALL_PROGRAM='${INSTALL}'
INSTALL_SCRIPT='${INSTALL}'
INSTALL_STRIP_PROGRAM='$(install_sh) -c -s'
INSTOBJEXT='.mo'
INTLLIBS=''
INTLTOOL_CAVES_RULE='%.caves:     %.caves.in     $(INTLTOOL_MERGE) $(wildcard $(top_srcdir)/po/*.po) ; LC_ALL=C $(INTLTOOL_MERGE) -d -u -c $(top_builddir)/po/.intltool-merge-cache $(top_srcdir)/po $< $@'
INTLTOOL_DESKTOP_RULE='%.desktop:   %.desktop.in   $(INTLTOOL_MERGE) $(wildcard $(top_srcdir)/po/*.po) ; LC_ALL=C $(INTLTOOL_MERGE) -d -u -c $(top_builddir)/po/.intltool-merge-cache $(top_srcdir)/po $< $@'
INTLTOOL_DIRECTORY_RULE='%.directory: %.directory.in $(INTLTOOL_MERGE) $(wildcard $(top_srcdir)/po/*.po) ; LC_ALL=C $(INTLTOOL_MERGE) -d -u -c $(top_builddir)/po/.intltool-merge-cache $(top_srcdir)/po $< $@'
INTLTOOL_EXTRACT='$(top_builddir)/intltool-extract'
INTLTOOL_KBD_RULE='%.kbd:       %.kbd.in       $(INTLTOOL_MERGE) $(wildcard $(top_srcdir)/po/*.po) ; LC_ALL=C $(INTLTOOL_MERGE) -x -u -m -c $(top_builddir)/po/.intltool-merge-cache $(top_srcdir)/po $< $@'
INTLTOOL_KEYS_RULE='%.keys:      %.keys.in      $(INTLTOOL_MERGE) $(wildcard $(top_srcdir)/po/*.po) ; LC_ALL=C $(INTLTOOL_MERGE) -k -u -c $(top_builddir)/po/.intltool-merge-cache $(top_srcdir)/po $< $@'
INTLTOOL_MERGE='$(top_builddir)/intltool-merge'
INTLTOOL_OAF_RULE='%.oaf:       %.oaf.in       $(INTLTOOL_MERGE) $(wildcard $(top_srcdir)/po/*.po) ; LC_ALL=C $(INTLTOOL_MERGE) -o -p $(top_srcdir)/po $< $@'
INTLTOOL_PERL='/usr/bin/perl'
INTLTOOL_POLICY_RULE='%.policy:    %.policy.in    $(INTLTOOL_MERGE) $(wildcard $(top_srcdir)/po/*.po) ; LC_ALL=C $(INTLTOOL_MERGE) -x -u -c $(top_builddir)/po/.intltool-merge-cache $(top_srcdir)/po $< $@'
INTLTOOL_PONG_RULE='%.pong:      %.pong.in      $(INTLTOOL_MERGE) $(wildcard $(top_srcdir)/po/*.po) ; LC_ALL=C $(INTLTOOL_MERGE) -x -u -c $(top_builddir)/po/.intltool-merge-cache $(top_srcdir)/po $< $@'
INTLTOOL_PROP_RULE='%.prop:      %.prop.in      $(INTLTOOL_MERGE) $(wildcard $(top_srcdir)/po/*.po) ; LC_ALL=C $(INTLTOOL_MERGE) -d -u -c $(top_builddir)/po/.intltool-merge-cache $(top_srcdir)/po $< $@'
INTLTOOL_SCHEMAS_RULE='%.schemas:   %.schemas.in   $(INTLTOOL_MERGE) $(wildcard $(top_srcdir)/po/*.po) ; LC_ALL=C $(INTLTOOL_MERGE) -s -u -c $(top_builddir)/po/.intltool-merge-cache $(top_srcdir)/po $< $@'
INTLTOOL_SERVER_RULE='%.server:    %.server.in    $(INTLTOOL_MERGE) $(wildcard $(top_srcdir)/po/*.po) ; LC_ALL=C $(INTLTOOL_MERGE) -o -u -c $(top_builddir)/po/.intltool-merge-cache $(top_srcdir)/po $< $@'
INTLTOOL_SERVICE_RULE='%.service: %.service.in   $(INTLTOOL_MERGE) $(wildcard $(top_srcdir)/po/*.po) ; LC_ALL=C $(INTLTOOL_MERGE) -d -u -c $(top_builddir)/po/.intltool-merge-cache $(top_srcdir)/po $< $@'
INTLTOOL_SHEET_RULE='%.sheet:     %.sheet.in     $(INTLTOOL_MERGE) $(wildcard $(top_srcdir)/po/*.po) ; LC_ALL=C $(INTLTOOL_MERGE) -x -u -c $(top_builddir)/po/.intltool-merge-cache $(top_srcdir)/po $< $@'
INTLTOOL_SOUNDLIST_RULE='%.soundlist: %.soundlist.in $(INTLTOOL_MERGE) $(wildcard $(top_srcdir)/po/*.po) ; LC_ALL=C $(INTLTOOL_MERGE) -d -u -c $(top_builddir)/po/.intltool-merge-cache $(top_srcdir)/po $< $@'
INTLTOOL_THEME_RULE='%.theme:     %.theme.in     $(INTLTOOL_MERGE) $(wildcard $(top_srcdir)/po/*.po) ; LC_ALL=C $(INTLTOOL_MERGE) -d -u -c $(top_builddir)/po/.intltool-merge-cache $(top_srcdir)/po $< $@'
INTLTOOL_UI_RULE='%.ui:        %.ui.in        $(INTLTOOL_MERGE) $(wildcard $(top_srcdir)/po/*.po) ; LC_ALL=C $(INTLTOOL_MERGE) -x -u -c $(top_builddir)/po/.intltool-merge-cache $(top_srcdir)/po $< $@'
INTLTOOL_UPDATE='$(top_builddir)/intltool-update'
INTLTOOL_XAM_RULE='%.xam:       %.xml.in       $(INTLTOOL_MERGE) $(wildcard $(top_srcdir)/po/*.po) ; LC_ALL=C $(INTLTOOL_MERGE) -x -u -c $(top_builddir)/po/.intltool-merge-cache $(top_srcdir)/po $< $@'
INTLTOOL_XML_NOMERGE_RULE='%.xml:       %.xml.in       $(INTLTOOL_MERGE) ; LC_ALL=C $(INTLTOOL_MERGE) -x -u /tmp $< $@'
INTLTOOL_XML_RULE='%.xml:       %.xml.in       $(INTLTOOL_MERGE) $(wildcard $(top_srcdir)/po/*.po) ; LC_ALL=C $(INTLTOOL_MERGE) -x -u -c $(top_builddir)/po/.intltool-merge-cache $(top_srcdir)/po $< $@'
LDFLAGS=''
LIBOBJS=''
LIBS=''
LTLIBOBJS=''
MAKEINFO='${SHELL} /home/mako/programming/sources/leafpad/missing --run makeinfo'
MKINSTALLDIRS='./mkinstalldirs'
MSGFMT='/usr/bin/msgfmt'
MSGFMT_OPTS='-c'
MSGMERGE='/usr/bin/msgmerge'
OBJEXT='o'
PACKAGE='leafpad'
PACKAGE_BUGREPORT='tarot@sdf.lonestar.org'
PACKAGE_NAME='Leafpad'
PACKAGE_STRING='Leafpad 0.8.17'
PACKAGE_TARNAME='leafpad'
PACKAGE_VERSION='0.8.17'
PATH_SEPARATOR=':'
PKG_CONFIG='/usr/bin/pkg-config'
POFILES=''
POSUB='po'
PO_IN_DATADIR_FALSE=''
PO_IN_DATADIR_TRUE=''
SET_MAKE=''
SHELL='/bin/bash'
STRIP=''
USE_NLS='yes'
VERSION='0.8.17'
XGETTEXT='/usr/bin/xgettext'
ac_ct_CC='gcc'
am__fastdepCC_FALSE='#'
am__fastdepCC_TRUE=''
am__include='include'
am__isrc=''
am__leading_dot='.'
am__quote=''
am__tar='${AMTAR} chof - "$$tardir"'
am__untar='${AMTAR} xf -'
bindir='${exec_prefix}/bin'
build_alias=''
datadir='${datarootdir}'
datarootdir='${prefix}/share'
docdir='${datarootdir}/doc/${PACKAGE_TARNAME}'
dvidir='${docdir}'
exec_prefix='${prefix}'
host_alias=''
htmldir='${docdir}'
includedir='${prefix}/include'
infodir='${datarootdir}/info'
install_sh='$(SHELL) /home/mako/programming/sources/leafpad/install-sh'
libdir='${exec_prefix}/lib'
libexecdir='${exec_prefix}/libexec'
localedir='/usr/local/share/locale'
localstatedir='${prefix}/var'
mandir='${datarootdir}/man'
mkdir_p='/bin/mkdir -p'
oldincludedir='/usr/include'
pdfdir='${docdir}'
prefix='/usr/local'
program_transform_name='s,x,x,'
psdir='${docdir}'
sbindir='${exec_prefix}/sbin'
sharedstatedir='${prefix}/com'
sysconfdir='${prefix}/etc'
target_alias=''

## ----------- ##
## confdefs.h. ##
## ----------- ##

#define PACKAGE_NAME "Leafpad"
#define PACKAGE_TARNAME "leafpad"
#define PACKAGE_VERSION "0.8.17"
#define PACKAGE_STRING "Leafpad 0.8.17"
#define PACKAGE_BUGREPORT "tarot@sdf.lonestar.org"
#define PACKAGE "leafpad"
#define VERSION "0.8.17"
#define ENABLE_CHOOSER 1
#define ENABLE_PRINT 1
#define STDC_HEADERS 1
#define HAVE_SYS_TYPES_H 1
#define HAVE_SYS_STAT_H 1
#define HAVE_STDLIB_H 1
#define HAVE_STRING_H 1
#define HAVE_MEMORY_H 1
#define HAVE_STRINGS_H 1
#define HAVE_INTTYPES_H 1
#define HAVE_STDINT_H 1
#define HAVE_UNISTD_H 1
#define HAVE_LOCALE_H 1
#define HAVE_LC_MESSAGES 1
#define HAVE_BIND_TEXTDOMAIN_CODESET 1
#define HAVE_GETTEXT 1
#define HAVE_DCGETTEXT 1
#define ENABLE_NLS 1
#define LOCALEDIR "/usr/local/share/locale"

configure: exit 0
